<?xml version="1.0" encoding="UTF-8"?>
<!-- Generated by org.testng.reporters.JUnitReportReporter -->
<testsuite hostname="LAPTOP-NADE445V" failures="0" tests="1" name="com.test1.runtest.RunTest" time="21.693" errors="0" timestamp="2022-08-05T22:33:39 WIB" skipped="0">
  <testcase classname="com.test1.runtest.RunTest" name="runScenario" time="21.693"/>
  <system-out/>
</testsuite> <!-- com.test1.runtest.RunTest -->
